# JRE version: OpenJDK Runtime Environment (11.0.13) (build 11.0.13+0-b1751.21-8125866)
# Java VM: OpenJDK 64-Bit Server VM (11.0.13+0-b1751.21-8125866, mixed mode, tiered, compressed oops, g1 gc, windows-amd64)
Heap:
 garbage-first heap   total 259072K, used 134718K [0x0000000080000000, 0x0000000100000000)
  region size 1024K, 13 young (13312K), 2 survivors (2048K)
 Metaspace       used 139167K, capacity 144957K, committed 145104K, reserved 1175552K
  class space    used 17166K, capacity 19243K, committed 19328K, reserved 1048576K
GC Heap History (20 events):
Event: 8369.563 GC heap before
{Heap before GC invocations=193 (full 0):
 garbage-first heap   total 259072K, used 139130K [0x0000000080000000, 0x0000000100000000)
  region size 1024K, 12 young (12288K), 10 survivors (10240K)
 Metaspace       used 138874K, capacity 144678K, committed 144848K, reserved 1175552K
  class space    used 17165K, capacity 19242K, committed 19328K, reserved 1048576K
}
Event: 8369.583 GC heap after
{Heap after GC invocations=194 (full 0):
 garbage-first heap   total 259072K, used 129229K [0x0000000080000000, 0x0000000100000000)
  region size 1024K, 1 young (1024K), 1 survivors (1024K)
 Metaspace       used 138874K, capacity 144678K, committed 144848K, reserved 1175552K
  class space    used 17165K, capacity 19242K, committed 19328K, reserved 1048576K
}
Event: 8371.105 GC heap before
{Heap before GC invocations=194 (full 0):
 garbage-first heap   total 259072K, used 210125K [0x0000000080000000, 0x0000000100000000)
  region size 1024K, 82 young (83968K), 1 survivors (1024K)
 Metaspace       used 138923K, capacity 144678K, committed 144848K, reserved 1175552K
  class space    used 17165K, capacity 19242K, committed 19328K, reserved 1048576K
}
Event: 8371.119 GC heap after
{Heap after GC invocations=195 (full 0):
 garbage-first heap   total 259072K, used 130556K [0x0000000080000000, 0x0000000100000000)
  region size 1024K, 3 young (3072K), 3 survivors (3072K)
 Metaspace       used 138923K, capacity 144678K, committed 144848K, reserved 1175552K
  class space    used 17165K, capacity 19242K, committed 19328K, reserved 1048576K
}
Event: 8389.213 GC heap before
{Heap before GC invocations=196 (full 0):
 garbage-first heap   total 259072K, used 226812K [0x0000000080000000, 0x0000000100000000)
  region size 1024K, 85 young (87040K), 3 survivors (3072K)
 Metaspace       used 138975K, capacity 144806K, committed 145104K, reserved 1175552K
  class space    used 17165K, capacity 19242K, committed 19328K, reserved 1048576K
}
Event: 8389.225 GC heap after
{Heap after GC invocations=197 (full 0):
 garbage-first heap   total 259072K, used 138293K [0x0000000080000000, 0x0000000100000000)
  region size 1024K, 10 young (10240K), 10 survivors (10240K)
 Metaspace       used 138975K, capacity 144806K, committed 145104K, reserved 1175552K
  class space    used 17165K, capacity 19242K, committed 19328K, reserved 1048576K
}
Event: 8389.236 GC heap before
{Heap before GC invocations=197 (full 0):
 garbage-first heap   total 259072K, used 140341K [0x0000000080000000, 0x0000000100000000)
  region size 1024K, 12 young (12288K), 10 survivors (10240K)
 Metaspace       used 138975K, capacity 144806K, committed 145104K, reserved 1175552K
  class space    used 17165K, capacity 19242K, committed 19328K, reserved 1048576K
}
Event: 8389.249 GC heap after
{Heap after GC invocations=198 (full 0):
 garbage-first heap   total 259072K, used 131184K [0x0000000080000000, 0x0000000100000000)
  region size 1024K, 2 young (2048K), 2 survivors (2048K)
 Metaspace       used 138975K, capacity 144806K, committed 145104K, reserved 1175552K
  class space    used 17165K, capacity 19242K, committed 19328K, reserved 1048576K
}
Event: 8430.539 GC heap before
{Heap before GC invocations=198 (full 0):
 garbage-first heap   total 259072K, used 212080K [0x0000000080000000, 0x0000000100000000)
  region size 1024K, 82 young (83968K), 2 survivors (2048K)
 Metaspace       used 139056K, capacity 144871K, committed 145104K, reserved 1175552K
  class space    used 17165K, capacity 19242K, committed 19328K, reserved 1048576K
}
Event: 8430.557 GC heap after
{Heap after GC invocations=199 (full 0):
 garbage-first heap   total 259072K, used 138415K [0x0000000080000000, 0x0000000100000000)
  region size 1024K, 9 young (9216K), 9 survivors (9216K)
 Metaspace       used 139056K, capacity 144871K, committed 145104K, reserved 1175552K
  class space    used 17165K, capacity 19242K, committed 19328K, reserved 1048576K
}
Event: 8479.189 GC heap before
{Heap before GC invocations=200 (full 0):
 garbage-first heap   total 259072K, used 211119K [0x0000000080000000, 0x0000000100000000)
  region size 1024K, 81 young (82944K), 9 survivors (9216K)
 Metaspace       used 139077K, capacity 144877K, committed 145104K, reserved 1175552K
  class space    used 17166K, capacity 19243K, committed 19328K, reserved 1048576K
}
Event: 8479.194 GC heap after
{Heap after GC invocations=201 (full 0):
 garbage-first heap   total 259072K, used 134966K [0x0000000080000000, 0x0000000100000000)
  region size 1024K, 4 young (4096K), 4 survivors (4096K)
 Metaspace       used 139077K, capacity 144877K, committed 145104K, reserved 1175552K
  class space    used 17166K, capacity 19243K, committed 19328K, reserved 1048576K
}
Event: 8479.228 GC heap before
{Heap before GC invocations=201 (full 0):
 garbage-first heap   total 259072K, used 143158K [0x0000000080000000, 0x0000000100000000)
  region size 1024K, 12 young (12288K), 4 survivors (4096K)
 Metaspace       used 139080K, capacity 144877K, committed 145104K, reserved 1175552K
  class space    used 17166K, capacity 19243K, committed 19328K, reserved 1048576K
}
Event: 8479.239 GC heap after
{Heap after GC invocations=202 (full 0):
 garbage-first heap   total 259072K, used 123369K [0x0000000080000000, 0x0000000100000000)
  region size 1024K, 2 young (2048K), 2 survivors (2048K)
 Metaspace       used 139080K, capacity 144877K, committed 145104K, reserved 1175552K
  class space    used 17166K, capacity 19243K, committed 19328K, reserved 1048576K
}
Event: 8480.983 GC heap before
{Heap before GC invocations=202 (full 0):
 garbage-first heap   total 259072K, used 209385K [0x0000000080000000, 0x0000000100000000)
  region size 1024K, 87 young (89088K), 2 survivors (2048K)
 Metaspace       used 139120K, capacity 144944K, committed 145104K, reserved 1175552K
  class space    used 17166K, capacity 19243K, committed 19328K, reserved 1048576K
}
Event: 8481.012 GC heap after
{Heap after GC invocations=203 (full 0):
 garbage-first heap   total 259072K, used 130848K [0x0000000080000000, 0x0000000100000000)
  region size 1024K, 9 young (9216K), 9 survivors (9216K)
 Metaspace       used 139120K, capacity 144944K, committed 145104K, reserved 1175552K
  class space    used 17166K, capacity 19243K, committed 19328K, reserved 1048576K
}
Event: 8518.417 GC heap before
{Heap before GC invocations=204 (full 0):
 garbage-first heap   total 259072K, used 223008K [0x0000000080000000, 0x0000000100000000)
  region size 1024K, 88 young (90112K), 9 survivors (9216K)
 Metaspace       used 139160K, capacity 144957K, committed 145104K, reserved 1175552K
  class space    used 17166K, capacity 19243K, committed 19328K, reserved 1048576K
}
Event: 8518.426 GC heap after
{Heap after GC invocations=205 (full 0):
 garbage-first heap   total 259072K, used 132739K [0x0000000080000000, 0x0000000100000000)
  region size 1024K, 5 young (5120K), 5 survivors (5120K)
 Metaspace       used 139160K, capacity 144957K, committed 145104K, reserved 1175552K
  class space    used 17166K, capacity 19243K, committed 19328K, reserved 1048576K
}
Event: 8518.471 GC heap before
{Heap before GC invocations=205 (full 0):
 garbage-first heap   total 259072K, used 139907K [0x0000000080000000, 0x0000000100000000)
  region size 1024K, 12 young (12288K), 5 survivors (5120K)
 Metaspace       used 139162K, capacity 144957K, committed 145104K, reserved 1175552K
  class space    used 17166K, capacity 19243K, committed 19328K, reserved 1048576K
}
Event: 8518.485 GC heap after
{Heap after GC invocations=206 (full 0):
 garbage-first heap   total 259072K, used 124478K [0x0000000080000000, 0x0000000100000000)
  region size 1024K, 2 young (2048K), 2 survivors (2048K)
 Metaspace       used 139162K, capacity 144957K, committed 145104K, reserved 1175552K
  class space    used 17166K, capacity 19243K, committed 19328K, reserved 1048576K
}

